The system is: Darwin - 10.8.0 - i386
Compiling the CXX compiler identification source file "CMakeCXXCompilerId.cpp" succeeded.
Compiler: /usr/bin/g++ 
Build flags: 
Id flags: 

The output was:
0


Compilation of the CXX compiler identification source "CMakeCXXCompilerId.cpp" produced "a.out"

The CXX compiler identification is GNU, found in "/Users/SChatterjee/coi-pyon-libraries/code/cgal-4.0/CGAL-4.0/CMakeFiles/CompilerIdCXX/a.out"

Determining if the CXX compiler works passed with the following output:
Change Dir: /Users/SChatterjee/coi-pyon-libraries/code/cgal-4.0/CGAL-4.0/CMakeFiles/CMakeTmp

Run Build Command:/usr/bin/make "cmTryCompileExec/fast"
/usr/bin/make -f CMakeFiles/cmTryCompileExec.dir/build.make CMakeFiles/cmTryCompileExec.dir/build
"/Applications/CMake 2.8-6.app/Contents/bin/cmake" -E cmake_progress_report /Users/SChatterjee/coi-pyon-libraries/code/cgal-4.0/CGAL-4.0/CMakeFiles/CMakeTmp/CMakeFiles 1
Building CXX object CMakeFiles/cmTryCompileExec.dir/testCXXCompiler.cxx.o
/usr/bin/g++     -o CMakeFiles/cmTryCompileExec.dir/testCXXCompiler.cxx.o -c /Users/SChatterjee/coi-pyon-libraries/code/cgal-4.0/CGAL-4.0/CMakeFiles/CMakeTmp/testCXXCompiler.cxx
Linking CXX executable cmTryCompileExec
"/Applications/CMake 2.8-6.app/Contents/bin/cmake" -E cmake_link_script CMakeFiles/cmTryCompileExec.dir/link.txt --verbose=1
/usr/bin/g++       -Wl,-search_paths_first -Wl,-headerpad_max_install_names   CMakeFiles/cmTryCompileExec.dir/testCXXCompiler.cxx.o  -o cmTryCompileExec  


Detecting CXX compiler ABI info compiled with the following output:
Change Dir: /Users/SChatterjee/coi-pyon-libraries/code/cgal-4.0/CGAL-4.0/CMakeFiles/CMakeTmp

Run Build Command:/usr/bin/make "cmTryCompileExec/fast"
/usr/bin/make -f CMakeFiles/cmTryCompileExec.dir/build.make CMakeFiles/cmTryCompileExec.dir/build
"/Applications/CMake 2.8-6.app/Contents/bin/cmake" -E cmake_progress_report /Users/SChatterjee/coi-pyon-libraries/code/cgal-4.0/CGAL-4.0/CMakeFiles/CMakeTmp/CMakeFiles 1
Building CXX object CMakeFiles/cmTryCompileExec.dir/CMakeCXXCompilerABI.cpp.o
/usr/bin/g++     -o CMakeFiles/cmTryCompileExec.dir/CMakeCXXCompilerABI.cpp.o -c "/Applications/CMake 2.8-6.app/Contents/share/cmake-2.8/Modules/CMakeCXXCompilerABI.cpp"
Linking CXX executable cmTryCompileExec
"/Applications/CMake 2.8-6.app/Contents/bin/cmake" -E cmake_link_script CMakeFiles/cmTryCompileExec.dir/link.txt --verbose=1
/usr/bin/g++       -Wl,-search_paths_first -Wl,-headerpad_max_install_names -v CMakeFiles/cmTryCompileExec.dir/CMakeCXXCompilerABI.cpp.o  -o cmTryCompileExec   
Using built-in specs.
Target: i686-apple-darwin10
Configured with: /var/tmp/gcc/gcc-5666.3~6/src/configure --disable-checking --enable-werror --prefix=/usr --mandir=/share/man --enable-languages=c,objc,c++,obj-c++ --program-transform-name=/^[cg][^.-]*$/s/$/-4.2/ --with-slibdir=/usr/lib --build=i686-apple-darwin10 --program-prefix=i686-apple-darwin10- --host=x86_64-apple-darwin10 --target=i686-apple-darwin10 --with-gxx-include-dir=/include/c++/4.2.1
Thread model: posix
gcc version 4.2.1 (Apple Inc. build 5666) (dot 3)
 /usr/libexec/gcc/i686-apple-darwin10/4.2.1/collect2 -dynamic -arch x86_64 -macosx_version_min 10.6.8 -weak_reference_mismatches non-weak -o cmTryCompileExec -lcrt1.10.6.o -L/usr/lib/gcc/i686-apple-darwin10/4.2.1/x86_64 -L/usr/lib/gcc/i686-apple-darwin10/4.2.1/x86_64 -L/usr/lib/i686-apple-darwin10/4.2.1 -L/usr/lib/gcc/i686-apple-darwin10/4.2.1 -L/usr/lib/gcc/i686-apple-darwin10/4.2.1 -L/usr/lib/gcc/i686-apple-darwin10/4.2.1/../../../i686-apple-darwin10/4.2.1 -L/usr/lib/gcc/i686-apple-darwin10/4.2.1/../../.. -search_paths_first -headerpad_max_install_names CMakeFiles/cmTryCompileExec.dir/CMakeCXXCompilerABI.cpp.o -lstdc++ -lSystem -lgcc -lSystem


Parsed CXX implicit link information from above output:
  link line regex: [^( *|.*[/\])(ld|ld|collect2)[^/\]*( |$)]
  ignore line: [Change Dir: /Users/SChatterjee/coi-pyon-libraries/code/cgal-4.0/CGAL-4.0/CMakeFiles/CMakeTmp]
  ignore line: []
  ignore line: [Run Build Command:/usr/bin/make "cmTryCompileExec/fast"]
  ignore line: [/usr/bin/make -f CMakeFiles/cmTryCompileExec.dir/build.make CMakeFiles/cmTryCompileExec.dir/build]
  ignore line: ["/Applications/CMake 2.8-6.app/Contents/bin/cmake" -E cmake_progress_report /Users/SChatterjee/coi-pyon-libraries/code/cgal-4.0/CGAL-4.0/CMakeFiles/CMakeTmp/CMakeFiles 1]
  ignore line: [Building CXX object CMakeFiles/cmTryCompileExec.dir/CMakeCXXCompilerABI.cpp.o]
  ignore line: [/usr/bin/g++     -o CMakeFiles/cmTryCompileExec.dir/CMakeCXXCompilerABI.cpp.o -c "/Applications/CMake 2.8-6.app/Contents/share/cmake-2.8/Modules/CMakeCXXCompilerABI.cpp"]
  ignore line: [Linking CXX executable cmTryCompileExec]
  ignore line: ["/Applications/CMake 2.8-6.app/Contents/bin/cmake" -E cmake_link_script CMakeFiles/cmTryCompileExec.dir/link.txt --verbose=1]
  ignore line: [/usr/bin/g++       -Wl,-search_paths_first -Wl,-headerpad_max_install_names -v CMakeFiles/cmTryCompileExec.dir/CMakeCXXCompilerABI.cpp.o  -o cmTryCompileExec   ]
  ignore line: [Using built-in specs.]
  ignore line: [Target: i686-apple-darwin10]
  ignore line: [Configured with: /var/tmp/gcc/gcc-5666.3~6/src/configure --disable-checking --enable-werror --prefix=/usr --mandir=/share/man --enable-languages=c,objc,c++,obj-c++ --program-transform-name=/^[cg][^.-]*$/s/$/-4.2/ --with-slibdir=/usr/lib --build=i686-apple-darwin10 --program-prefix=i686-apple-darwin10- --host=x86_64-apple-darwin10 --target=i686-apple-darwin10 --with-gxx-include-dir=/include/c++/4.2.1]
  ignore line: [Thread model: posix]
  ignore line: [gcc version 4.2.1 (Apple Inc. build 5666) (dot 3)]
  link line: [ /usr/libexec/gcc/i686-apple-darwin10/4.2.1/collect2 -dynamic -arch x86_64 -macosx_version_min 10.6.8 -weak_reference_mismatches non-weak -o cmTryCompileExec -lcrt1.10.6.o -L/usr/lib/gcc/i686-apple-darwin10/4.2.1/x86_64 -L/usr/lib/gcc/i686-apple-darwin10/4.2.1/x86_64 -L/usr/lib/i686-apple-darwin10/4.2.1 -L/usr/lib/gcc/i686-apple-darwin10/4.2.1 -L/usr/lib/gcc/i686-apple-darwin10/4.2.1 -L/usr/lib/gcc/i686-apple-darwin10/4.2.1/../../../i686-apple-darwin10/4.2.1 -L/usr/lib/gcc/i686-apple-darwin10/4.2.1/../../.. -search_paths_first -headerpad_max_install_names CMakeFiles/cmTryCompileExec.dir/CMakeCXXCompilerABI.cpp.o -lstdc++ -lSystem -lgcc -lSystem]
    arg [/usr/libexec/gcc/i686-apple-darwin10/4.2.1/collect2] ==> ignore
    arg [-dynamic] ==> ignore
    arg [-arch] ==> ignore
    arg [x86_64] ==> ignore
    arg [-macosx_version_min] ==> ignore
    arg [10.6.8] ==> ignore
    arg [-weak_reference_mismatches] ==> ignore
    arg [non-weak] ==> ignore
    arg [-o] ==> ignore
    arg [cmTryCompileExec] ==> ignore
    arg [-lcrt1.10.6.o] ==> lib [crt1.10.6.o]
    arg [-L/usr/lib/gcc/i686-apple-darwin10/4.2.1/x86_64] ==> dir [/usr/lib/gcc/i686-apple-darwin10/4.2.1/x86_64]
    arg [-L/usr/lib/gcc/i686-apple-darwin10/4.2.1/x86_64] ==> dir [/usr/lib/gcc/i686-apple-darwin10/4.2.1/x86_64]
    arg [-L/usr/lib/i686-apple-darwin10/4.2.1] ==> dir [/usr/lib/i686-apple-darwin10/4.2.1]
    arg [-L/usr/lib/gcc/i686-apple-darwin10/4.2.1] ==> dir [/usr/lib/gcc/i686-apple-darwin10/4.2.1]
    arg [-L/usr/lib/gcc/i686-apple-darwin10/4.2.1] ==> dir [/usr/lib/gcc/i686-apple-darwin10/4.2.1]
    arg [-L/usr/lib/gcc/i686-apple-darwin10/4.2.1/../../../i686-apple-darwin10/4.2.1] ==> dir [/usr/lib/gcc/i686-apple-darwin10/4.2.1/../../../i686-apple-darwin10/4.2.1]
    arg [-L/usr/lib/gcc/i686-apple-darwin10/4.2.1/../../..] ==> dir [/usr/lib/gcc/i686-apple-darwin10/4.2.1/../../..]
    arg [-search_paths_first] ==> ignore
    arg [-headerpad_max_install_names] ==> ignore
    arg [CMakeFiles/cmTryCompileExec.dir/CMakeCXXCompilerABI.cpp.o] ==> ignore
    arg [-lstdc++] ==> lib [stdc++]
    arg [-lSystem] ==> lib [System]
    arg [-lgcc] ==> lib [gcc]
    arg [-lSystem] ==> lib [System]
  remove lib [crt1.10.6.o]
  remove lib [System]
  remove lib [gcc]
  remove lib [System]
  collapse dir [/usr/lib/gcc/i686-apple-darwin10/4.2.1/x86_64] ==> [/usr/lib/gcc/i686-apple-darwin10/4.2.1/x86_64]
  collapse dir [/usr/lib/gcc/i686-apple-darwin10/4.2.1/x86_64] ==> [/usr/lib/gcc/i686-apple-darwin10/4.2.1/x86_64]
  collapse dir [/usr/lib/i686-apple-darwin10/4.2.1] ==> [/usr/lib/i686-apple-darwin10/4.2.1]
  collapse dir [/usr/lib/gcc/i686-apple-darwin10/4.2.1] ==> [/usr/lib/gcc/i686-apple-darwin10/4.2.1]
  collapse dir [/usr/lib/gcc/i686-apple-darwin10/4.2.1] ==> [/usr/lib/gcc/i686-apple-darwin10/4.2.1]
  collapse dir [/usr/lib/gcc/i686-apple-darwin10/4.2.1/../../../i686-apple-darwin10/4.2.1] ==> [/usr/lib/i686-apple-darwin10/4.2.1]
  collapse dir [/usr/lib/gcc/i686-apple-darwin10/4.2.1/../../..] ==> [/usr/lib]
  implicit libs: [stdc++]
  implicit dirs: [/usr/lib/gcc/i686-apple-darwin10/4.2.1/x86_64;/usr/lib/i686-apple-darwin10/4.2.1;/usr/lib/gcc/i686-apple-darwin10/4.2.1;/usr/lib]


Performing C++ SOURCE FILE Test CGAL_CFG_ARRAY_MEMBER_INITIALIZATION_BUG succeded with the following output:
Change Dir: /Users/SChatterjee/coi-pyon-libraries/code/cgal-4.0/CGAL-4.0/CMakeFiles/CMakeTmp

Run Build Command:/usr/bin/make "cmTryCompileExec/fast"
/usr/bin/make -f CMakeFiles/cmTryCompileExec.dir/build.make CMakeFiles/cmTryCompileExec.dir/build
"/Applications/CMake 2.8-6.app/Contents/bin/cmake" -E cmake_progress_report /Users/SChatterjee/coi-pyon-libraries/code/cgal-4.0/CGAL-4.0/CMakeFiles/CMakeTmp/CMakeFiles 1
Building CXX object CMakeFiles/cmTryCompileExec.dir/CGAL_CFG_ARRAY_MEMBER_INITIALIZATION_BUG.cpp.o
/usr/bin/g++    -frounding-math -fno-strict-aliasing     -o CMakeFiles/cmTryCompileExec.dir/CGAL_CFG_ARRAY_MEMBER_INITIALIZATION_BUG.cpp.o -c /Users/SChatterjee/coi-pyon-libraries/code/cgal-4.0/CGAL-4.0/config/testfiles/CGAL_CFG_ARRAY_MEMBER_INITIALIZATION_BUG.cpp
Linking CXX executable cmTryCompileExec
"/Applications/CMake 2.8-6.app/Contents/bin/cmake" -E cmake_link_script CMakeFiles/cmTryCompileExec.dir/link.txt --verbose=1
/usr/bin/g++     -frounding-math -fno-strict-aliasing   -Wl,-search_paths_first -Wl,-headerpad_max_install_names   CMakeFiles/cmTryCompileExec.dir/CGAL_CFG_ARRAY_MEMBER_INITIALIZATION_BUG.cpp.o  -o cmTryCompileExec  

Source file was:

Performing C++ SOURCE FILE Test CGAL_CFG_DENORMALS_COMPILE_BUG succeded with the following output:
Change Dir: /Users/SChatterjee/coi-pyon-libraries/code/cgal-4.0/CGAL-4.0/CMakeFiles/CMakeTmp

Run Build Command:/usr/bin/make "cmTryCompileExec/fast"
/usr/bin/make -f CMakeFiles/cmTryCompileExec.dir/build.make CMakeFiles/cmTryCompileExec.dir/build
"/Applications/CMake 2.8-6.app/Contents/bin/cmake" -E cmake_progress_report /Users/SChatterjee/coi-pyon-libraries/code/cgal-4.0/CGAL-4.0/CMakeFiles/CMakeTmp/CMakeFiles 1
Building CXX object CMakeFiles/cmTryCompileExec.dir/CGAL_CFG_DENORMALS_COMPILE_BUG.cpp.o
/usr/bin/g++    -frounding-math -fno-strict-aliasing     -o CMakeFiles/cmTryCompileExec.dir/CGAL_CFG_DENORMALS_COMPILE_BUG.cpp.o -c /Users/SChatterjee/coi-pyon-libraries/code/cgal-4.0/CGAL-4.0/config/testfiles/CGAL_CFG_DENORMALS_COMPILE_BUG.cpp
Linking CXX executable cmTryCompileExec
"/Applications/CMake 2.8-6.app/Contents/bin/cmake" -E cmake_link_script CMakeFiles/cmTryCompileExec.dir/link.txt --verbose=1
/usr/bin/g++     -frounding-math -fno-strict-aliasing   -Wl,-search_paths_first -Wl,-headerpad_max_install_names   CMakeFiles/cmTryCompileExec.dir/CGAL_CFG_DENORMALS_COMPILE_BUG.cpp.o  -o cmTryCompileExec  

Source file was:

Performing C++ SOURCE FILE Test CGAL_CFG_FPU_ROUNDING_MODE_UNWINDING_VC_BUG succeded with the following output:
Change Dir: /Users/SChatterjee/coi-pyon-libraries/code/cgal-4.0/CGAL-4.0/CMakeFiles/CMakeTmp

Run Build Command:/usr/bin/make "cmTryCompileExec/fast"
/usr/bin/make -f CMakeFiles/cmTryCompileExec.dir/build.make CMakeFiles/cmTryCompileExec.dir/build
"/Applications/CMake 2.8-6.app/Contents/bin/cmake" -E cmake_progress_report /Users/SChatterjee/coi-pyon-libraries/code/cgal-4.0/CGAL-4.0/CMakeFiles/CMakeTmp/CMakeFiles 1
Building CXX object CMakeFiles/cmTryCompileExec.dir/CGAL_CFG_FPU_ROUNDING_MODE_UNWINDING_VC_BUG.cpp.o
/usr/bin/g++    -frounding-math -fno-strict-aliasing     -o CMakeFiles/cmTryCompileExec.dir/CGAL_CFG_FPU_ROUNDING_MODE_UNWINDING_VC_BUG.cpp.o -c /Users/SChatterjee/coi-pyon-libraries/code/cgal-4.0/CGAL-4.0/config/testfiles/CGAL_CFG_FPU_ROUNDING_MODE_UNWINDING_VC_BUG.cpp
Linking CXX executable cmTryCompileExec
"/Applications/CMake 2.8-6.app/Contents/bin/cmake" -E cmake_link_script CMakeFiles/cmTryCompileExec.dir/link.txt --verbose=1
/usr/bin/g++     -frounding-math -fno-strict-aliasing   -Wl,-search_paths_first -Wl,-headerpad_max_install_names   CMakeFiles/cmTryCompileExec.dir/CGAL_CFG_FPU_ROUNDING_MODE_UNWINDING_VC_BUG.cpp.o  -o cmTryCompileExec  

Source file was:

Performing C++ SOURCE FILE Test CGAL_CFG_IEEE_754_BUG succeded with the following output:
Change Dir: /Users/SChatterjee/coi-pyon-libraries/code/cgal-4.0/CGAL-4.0/CMakeFiles/CMakeTmp

Run Build Command:/usr/bin/make "cmTryCompileExec/fast"
/usr/bin/make -f CMakeFiles/cmTryCompileExec.dir/build.make CMakeFiles/cmTryCompileExec.dir/build
"/Applications/CMake 2.8-6.app/Contents/bin/cmake" -E cmake_progress_report /Users/SChatterjee/coi-pyon-libraries/code/cgal-4.0/CGAL-4.0/CMakeFiles/CMakeTmp/CMakeFiles 1
Building CXX object CMakeFiles/cmTryCompileExec.dir/CGAL_CFG_IEEE_754_BUG.cpp.o
/usr/bin/g++    -frounding-math -fno-strict-aliasing     -o CMakeFiles/cmTryCompileExec.dir/CGAL_CFG_IEEE_754_BUG.cpp.o -c /Users/SChatterjee/coi-pyon-libraries/code/cgal-4.0/CGAL-4.0/config/testfiles/CGAL_CFG_IEEE_754_BUG.cpp
Linking CXX executable cmTryCompileExec
"/Applications/CMake 2.8-6.app/Contents/bin/cmake" -E cmake_link_script CMakeFiles/cmTryCompileExec.dir/link.txt --verbose=1
/usr/bin/g++     -frounding-math -fno-strict-aliasing   -Wl,-search_paths_first -Wl,-headerpad_max_install_names   CMakeFiles/cmTryCompileExec.dir/CGAL_CFG_IEEE_754_BUG.cpp.o  -o cmTryCompileExec  

Source file was:

Performing C++ SOURCE FILE Test CGAL_CFG_ISTREAM_INT_BUG succeded with the following output:
Change Dir: /Users/SChatterjee/coi-pyon-libraries/code/cgal-4.0/CGAL-4.0/CMakeFiles/CMakeTmp

Run Build Command:/usr/bin/make "cmTryCompileExec/fast"
/usr/bin/make -f CMakeFiles/cmTryCompileExec.dir/build.make CMakeFiles/cmTryCompileExec.dir/build
"/Applications/CMake 2.8-6.app/Contents/bin/cmake" -E cmake_progress_report /Users/SChatterjee/coi-pyon-libraries/code/cgal-4.0/CGAL-4.0/CMakeFiles/CMakeTmp/CMakeFiles 1
Building CXX object CMakeFiles/cmTryCompileExec.dir/CGAL_CFG_ISTREAM_INT_BUG.cpp.o
/usr/bin/g++    -frounding-math -fno-strict-aliasing     -o CMakeFiles/cmTryCompileExec.dir/CGAL_CFG_ISTREAM_INT_BUG.cpp.o -c /Users/SChatterjee/coi-pyon-libraries/code/cgal-4.0/CGAL-4.0/config/testfiles/CGAL_CFG_ISTREAM_INT_BUG.cpp
Linking CXX executable cmTryCompileExec
"/Applications/CMake 2.8-6.app/Contents/bin/cmake" -E cmake_link_script CMakeFiles/cmTryCompileExec.dir/link.txt --verbose=1
/usr/bin/g++     -frounding-math -fno-strict-aliasing   -Wl,-search_paths_first -Wl,-headerpad_max_install_names   CMakeFiles/cmTryCompileExec.dir/CGAL_CFG_ISTREAM_INT_BUG.cpp.o  -o cmTryCompileExec  
7812

Source file was:

Performing C++ SOURCE FILE Test CGAL_CFG_LONGNAME_BUG succeded with the following output:
Change Dir: /Users/SChatterjee/coi-pyon-libraries/code/cgal-4.0/CGAL-4.0/CMakeFiles/CMakeTmp

Run Build Command:/usr/bin/make "cmTryCompileExec/fast"
/usr/bin/make -f CMakeFiles/cmTryCompileExec.dir/build.make CMakeFiles/cmTryCompileExec.dir/build
"/Applications/CMake 2.8-6.app/Contents/bin/cmake" -E cmake_progress_report /Users/SChatterjee/coi-pyon-libraries/code/cgal-4.0/CGAL-4.0/CMakeFiles/CMakeTmp/CMakeFiles 1
Building CXX object CMakeFiles/cmTryCompileExec.dir/CGAL_CFG_LONGNAME_BUG.cpp.o
/usr/bin/g++    -frounding-math -fno-strict-aliasing     -o CMakeFiles/cmTryCompileExec.dir/CGAL_CFG_LONGNAME_BUG.cpp.o -c /Users/SChatterjee/coi-pyon-libraries/code/cgal-4.0/CGAL-4.0/config/testfiles/CGAL_CFG_LONGNAME_BUG.cpp
Linking CXX executable cmTryCompileExec
"/Applications/CMake 2.8-6.app/Contents/bin/cmake" -E cmake_link_script CMakeFiles/cmTryCompileExec.dir/link.txt --verbose=1
/usr/bin/g++     -frounding-math -fno-strict-aliasing   -Wl,-search_paths_first -Wl,-headerpad_max_install_names   CMakeFiles/cmTryCompileExec.dir/CGAL_CFG_LONGNAME_BUG.cpp.o  -o cmTryCompileExec  

Source file was:

Performing C++ SOURCE FILE Test CGAL_CFG_MATCHING_BUG_5 succeded with the following output:
Change Dir: /Users/SChatterjee/coi-pyon-libraries/code/cgal-4.0/CGAL-4.0/CMakeFiles/CMakeTmp

Run Build Command:/usr/bin/make "cmTryCompileExec/fast"
/usr/bin/make -f CMakeFiles/cmTryCompileExec.dir/build.make CMakeFiles/cmTryCompileExec.dir/build
"/Applications/CMake 2.8-6.app/Contents/bin/cmake" -E cmake_progress_report /Users/SChatterjee/coi-pyon-libraries/code/cgal-4.0/CGAL-4.0/CMakeFiles/CMakeTmp/CMakeFiles 1
Building CXX object CMakeFiles/cmTryCompileExec.dir/CGAL_CFG_MATCHING_BUG_5.cpp.o
/usr/bin/g++    -frounding-math -fno-strict-aliasing     -o CMakeFiles/cmTryCompileExec.dir/CGAL_CFG_MATCHING_BUG_5.cpp.o -c /Users/SChatterjee/coi-pyon-libraries/code/cgal-4.0/CGAL-4.0/config/testfiles/CGAL_CFG_MATCHING_BUG_5.cpp
Linking CXX executable cmTryCompileExec
"/Applications/CMake 2.8-6.app/Contents/bin/cmake" -E cmake_link_script CMakeFiles/cmTryCompileExec.dir/link.txt --verbose=1
/usr/bin/g++     -frounding-math -fno-strict-aliasing   -Wl,-search_paths_first -Wl,-headerpad_max_install_names   CMakeFiles/cmTryCompileExec.dir/CGAL_CFG_MATCHING_BUG_5.cpp.o  -o cmTryCompileExec  

Source file was:

Performing C++ SOURCE FILE Test CGAL_CFG_MATCHING_BUG_6 succeded with the following output:
Change Dir: /Users/SChatterjee/coi-pyon-libraries/code/cgal-4.0/CGAL-4.0/CMakeFiles/CMakeTmp

Run Build Command:/usr/bin/make "cmTryCompileExec/fast"
/usr/bin/make -f CMakeFiles/cmTryCompileExec.dir/build.make CMakeFiles/cmTryCompileExec.dir/build
"/Applications/CMake 2.8-6.app/Contents/bin/cmake" -E cmake_progress_report /Users/SChatterjee/coi-pyon-libraries/code/cgal-4.0/CGAL-4.0/CMakeFiles/CMakeTmp/CMakeFiles 1
Building CXX object CMakeFiles/cmTryCompileExec.dir/CGAL_CFG_MATCHING_BUG_6.cpp.o
/usr/bin/g++    -frounding-math -fno-strict-aliasing     -o CMakeFiles/cmTryCompileExec.dir/CGAL_CFG_MATCHING_BUG_6.cpp.o -c /Users/SChatterjee/coi-pyon-libraries/code/cgal-4.0/CGAL-4.0/config/testfiles/CGAL_CFG_MATCHING_BUG_6.cpp
Linking CXX executable cmTryCompileExec
"/Applications/CMake 2.8-6.app/Contents/bin/cmake" -E cmake_link_script CMakeFiles/cmTryCompileExec.dir/link.txt --verbose=1
/usr/bin/g++     -frounding-math -fno-strict-aliasing   -Wl,-search_paths_first -Wl,-headerpad_max_install_names   CMakeFiles/cmTryCompileExec.dir/CGAL_CFG_MATCHING_BUG_6.cpp.o  -o cmTryCompileExec  

Source file was:

Performing C++ SOURCE FILE Test CGAL_CFG_NESTED_CLASS_FRIEND_DECLARATION_BUG succeded with the following output:
Change Dir: /Users/SChatterjee/coi-pyon-libraries/code/cgal-4.0/CGAL-4.0/CMakeFiles/CMakeTmp

Run Build Command:/usr/bin/make "cmTryCompileExec/fast"
/usr/bin/make -f CMakeFiles/cmTryCompileExec.dir/build.make CMakeFiles/cmTryCompileExec.dir/build
"/Applications/CMake 2.8-6.app/Contents/bin/cmake" -E cmake_progress_report /Users/SChatterjee/coi-pyon-libraries/code/cgal-4.0/CGAL-4.0/CMakeFiles/CMakeTmp/CMakeFiles 1
Building CXX object CMakeFiles/cmTryCompileExec.dir/CGAL_CFG_NESTED_CLASS_FRIEND_DECLARATION_BUG.cpp.o
/usr/bin/g++    -frounding-math -fno-strict-aliasing     -o CMakeFiles/cmTryCompileExec.dir/CGAL_CFG_NESTED_CLASS_FRIEND_DECLARATION_BUG.cpp.o -c /Users/SChatterjee/coi-pyon-libraries/code/cgal-4.0/CGAL-4.0/config/testfiles/CGAL_CFG_NESTED_CLASS_FRIEND_DECLARATION_BUG.cpp
Linking CXX executable cmTryCompileExec
"/Applications/CMake 2.8-6.app/Contents/bin/cmake" -E cmake_link_script CMakeFiles/cmTryCompileExec.dir/link.txt --verbose=1
/usr/bin/g++     -frounding-math -fno-strict-aliasing   -Wl,-search_paths_first -Wl,-headerpad_max_install_names   CMakeFiles/cmTryCompileExec.dir/CGAL_CFG_NESTED_CLASS_FRIEND_DECLARATION_BUG.cpp.o  -o cmTryCompileExec  
A's do_something
C's do_something
B's do_something
C's do_something

Source file was:

Performing C++ SOURCE FILE Test CGAL_CFG_NO_CPP0X_ISFINITE succeded with the following output:
Change Dir: /Users/SChatterjee/coi-pyon-libraries/code/cgal-4.0/CGAL-4.0/CMakeFiles/CMakeTmp

Run Build Command:/usr/bin/make "cmTryCompileExec/fast"
/usr/bin/make -f CMakeFiles/cmTryCompileExec.dir/build.make CMakeFiles/cmTryCompileExec.dir/build
"/Applications/CMake 2.8-6.app/Contents/bin/cmake" -E cmake_progress_report /Users/SChatterjee/coi-pyon-libraries/code/cgal-4.0/CGAL-4.0/CMakeFiles/CMakeTmp/CMakeFiles 1
Building CXX object CMakeFiles/cmTryCompileExec.dir/CGAL_CFG_NO_CPP0X_ISFINITE.cpp.o
/usr/bin/g++    -frounding-math -fno-strict-aliasing     -o CMakeFiles/cmTryCompileExec.dir/CGAL_CFG_NO_CPP0X_ISFINITE.cpp.o -c /Users/SChatterjee/coi-pyon-libraries/code/cgal-4.0/CGAL-4.0/config/testfiles/CGAL_CFG_NO_CPP0X_ISFINITE.cpp
Linking CXX executable cmTryCompileExec
"/Applications/CMake 2.8-6.app/Contents/bin/cmake" -E cmake_link_script CMakeFiles/cmTryCompileExec.dir/link.txt --verbose=1
/usr/bin/g++     -frounding-math -fno-strict-aliasing   -Wl,-search_paths_first -Wl,-headerpad_max_install_names   CMakeFiles/cmTryCompileExec.dir/CGAL_CFG_NO_CPP0X_ISFINITE.cpp.o  -o cmTryCompileExec  

Source file was:

Performing C++ SOURCE FILE Test CGAL_CFG_NO_CPP0X_LONG_LONG succeded with the following output:
Change Dir: /Users/SChatterjee/coi-pyon-libraries/code/cgal-4.0/CGAL-4.0/CMakeFiles/CMakeTmp

Run Build Command:/usr/bin/make "cmTryCompileExec/fast"
/usr/bin/make -f CMakeFiles/cmTryCompileExec.dir/build.make CMakeFiles/cmTryCompileExec.dir/build
"/Applications/CMake 2.8-6.app/Contents/bin/cmake" -E cmake_progress_report /Users/SChatterjee/coi-pyon-libraries/code/cgal-4.0/CGAL-4.0/CMakeFiles/CMakeTmp/CMakeFiles 1
Building CXX object CMakeFiles/cmTryCompileExec.dir/CGAL_CFG_NO_CPP0X_LONG_LONG.cpp.o
/usr/bin/g++    -frounding-math -fno-strict-aliasing     -o CMakeFiles/cmTryCompileExec.dir/CGAL_CFG_NO_CPP0X_LONG_LONG.cpp.o -c /Users/SChatterjee/coi-pyon-libraries/code/cgal-4.0/CGAL-4.0/config/testfiles/CGAL_CFG_NO_CPP0X_LONG_LONG.cpp
Linking CXX executable cmTryCompileExec
"/Applications/CMake 2.8-6.app/Contents/bin/cmake" -E cmake_link_script CMakeFiles/cmTryCompileExec.dir/link.txt --verbose=1
/usr/bin/g++     -frounding-math -fno-strict-aliasing   -Wl,-search_paths_first -Wl,-headerpad_max_install_names   CMakeFiles/cmTryCompileExec.dir/CGAL_CFG_NO_CPP0X_LONG_LONG.cpp.o  -o cmTryCompileExec  

Source file was:

Performing C++ SOURCE FILE Test CGAL_CFG_NO_LIMITS succeded with the following output:
Change Dir: /Users/SChatterjee/coi-pyon-libraries/code/cgal-4.0/CGAL-4.0/CMakeFiles/CMakeTmp

Run Build Command:/usr/bin/make "cmTryCompileExec/fast"
/usr/bin/make -f CMakeFiles/cmTryCompileExec.dir/build.make CMakeFiles/cmTryCompileExec.dir/build
"/Applications/CMake 2.8-6.app/Contents/bin/cmake" -E cmake_progress_report /Users/SChatterjee/coi-pyon-libraries/code/cgal-4.0/CGAL-4.0/CMakeFiles/CMakeTmp/CMakeFiles 1
Building CXX object CMakeFiles/cmTryCompileExec.dir/CGAL_CFG_NO_LIMITS.cpp.o
/usr/bin/g++    -frounding-math -fno-strict-aliasing     -o CMakeFiles/cmTryCompileExec.dir/CGAL_CFG_NO_LIMITS.cpp.o -c /Users/SChatterjee/coi-pyon-libraries/code/cgal-4.0/CGAL-4.0/config/testfiles/CGAL_CFG_NO_LIMITS.cpp
Linking CXX executable cmTryCompileExec
"/Applications/CMake 2.8-6.app/Contents/bin/cmake" -E cmake_link_script CMakeFiles/cmTryCompileExec.dir/link.txt --verbose=1
/usr/bin/g++     -frounding-math -fno-strict-aliasing   -Wl,-search_paths_first -Wl,-headerpad_max_install_names   CMakeFiles/cmTryCompileExec.dir/CGAL_CFG_NO_LIMITS.cpp.o  -o cmTryCompileExec  

Source file was:

Performing C++ SOURCE FILE Test CGAL_CFG_NO_LOGICAL_OPERATORS_ALTERNATIVES succeded with the following output:
Change Dir: /Users/SChatterjee/coi-pyon-libraries/code/cgal-4.0/CGAL-4.0/CMakeFiles/CMakeTmp

Run Build Command:/usr/bin/make "cmTryCompileExec/fast"
/usr/bin/make -f CMakeFiles/cmTryCompileExec.dir/build.make CMakeFiles/cmTryCompileExec.dir/build
"/Applications/CMake 2.8-6.app/Contents/bin/cmake" -E cmake_progress_report /Users/SChatterjee/coi-pyon-libraries/code/cgal-4.0/CGAL-4.0/CMakeFiles/CMakeTmp/CMakeFiles 1
Building CXX object CMakeFiles/cmTryCompileExec.dir/CGAL_CFG_NO_LOGICAL_OPERATORS_ALTERNATIVES.cpp.o
/usr/bin/g++    -frounding-math -fno-strict-aliasing     -o CMakeFiles/cmTryCompileExec.dir/CGAL_CFG_NO_LOGICAL_OPERATORS_ALTERNATIVES.cpp.o -c /Users/SChatterjee/coi-pyon-libraries/code/cgal-4.0/CGAL-4.0/config/testfiles/CGAL_CFG_NO_LOGICAL_OPERATORS_ALTERNATIVES.cpp
Linking CXX executable cmTryCompileExec
"/Applications/CMake 2.8-6.app/Contents/bin/cmake" -E cmake_link_script CMakeFiles/cmTryCompileExec.dir/link.txt --verbose=1
/usr/bin/g++     -frounding-math -fno-strict-aliasing   -Wl,-search_paths_first -Wl,-headerpad_max_install_names   CMakeFiles/cmTryCompileExec.dir/CGAL_CFG_NO_LOGICAL_OPERATORS_ALTERNATIVES.cpp.o  -o cmTryCompileExec  

Source file was:

Performing C++ SOURCE FILE Test CGAL_CFG_NO_MESSAGE_PRAGMA_BUG succeded with the following output:
Change Dir: /Users/SChatterjee/coi-pyon-libraries/code/cgal-4.0/CGAL-4.0/CMakeFiles/CMakeTmp

Run Build Command:/usr/bin/make "cmTryCompileExec/fast"
/usr/bin/make -f CMakeFiles/cmTryCompileExec.dir/build.make CMakeFiles/cmTryCompileExec.dir/build
"/Applications/CMake 2.8-6.app/Contents/bin/cmake" -E cmake_progress_report /Users/SChatterjee/coi-pyon-libraries/code/cgal-4.0/CGAL-4.0/CMakeFiles/CMakeTmp/CMakeFiles 1
Building CXX object CMakeFiles/cmTryCompileExec.dir/CGAL_CFG_NO_MESSAGE_PRAGMA_BUG.cpp.o
/usr/bin/g++    -frounding-math -fno-strict-aliasing     -o CMakeFiles/cmTryCompileExec.dir/CGAL_CFG_NO_MESSAGE_PRAGMA_BUG.cpp.o -c /Users/SChatterjee/coi-pyon-libraries/code/cgal-4.0/CGAL-4.0/config/testfiles/CGAL_CFG_NO_MESSAGE_PRAGMA_BUG.cpp
Linking CXX executable cmTryCompileExec
"/Applications/CMake 2.8-6.app/Contents/bin/cmake" -E cmake_link_script CMakeFiles/cmTryCompileExec.dir/link.txt --verbose=1
/usr/bin/g++     -frounding-math -fno-strict-aliasing   -Wl,-search_paths_first -Wl,-headerpad_max_install_names   CMakeFiles/cmTryCompileExec.dir/CGAL_CFG_NO_MESSAGE_PRAGMA_BUG.cpp.o  -o cmTryCompileExec  

Source file was:

Performing C++ SOURCE FILE Test CGAL_CFG_NO_NEXTAFTER succeded with the following output:
Change Dir: /Users/SChatterjee/coi-pyon-libraries/code/cgal-4.0/CGAL-4.0/CMakeFiles/CMakeTmp

Run Build Command:/usr/bin/make "cmTryCompileExec/fast"
/usr/bin/make -f CMakeFiles/cmTryCompileExec.dir/build.make CMakeFiles/cmTryCompileExec.dir/build
"/Applications/CMake 2.8-6.app/Contents/bin/cmake" -E cmake_progress_report /Users/SChatterjee/coi-pyon-libraries/code/cgal-4.0/CGAL-4.0/CMakeFiles/CMakeTmp/CMakeFiles 1
Building CXX object CMakeFiles/cmTryCompileExec.dir/CGAL_CFG_NO_NEXTAFTER.cpp.o
/usr/bin/g++    -frounding-math -fno-strict-aliasing     -o CMakeFiles/cmTryCompileExec.dir/CGAL_CFG_NO_NEXTAFTER.cpp.o -c /Users/SChatterjee/coi-pyon-libraries/code/cgal-4.0/CGAL-4.0/config/testfiles/CGAL_CFG_NO_NEXTAFTER.cpp
Linking CXX executable cmTryCompileExec
"/Applications/CMake 2.8-6.app/Contents/bin/cmake" -E cmake_link_script CMakeFiles/cmTryCompileExec.dir/link.txt --verbose=1
/usr/bin/g++     -frounding-math -fno-strict-aliasing   -Wl,-search_paths_first -Wl,-headerpad_max_install_names   CMakeFiles/cmTryCompileExec.dir/CGAL_CFG_NO_NEXTAFTER.cpp.o  -o cmTryCompileExec  

Source file was:

Performing C++ SOURCE FILE Test CGAL_CFG_NO_STATEMENT_EXPRESSIONS succeded with the following output:
Change Dir: /Users/SChatterjee/coi-pyon-libraries/code/cgal-4.0/CGAL-4.0/CMakeFiles/CMakeTmp

Run Build Command:/usr/bin/make "cmTryCompileExec/fast"
/usr/bin/make -f CMakeFiles/cmTryCompileExec.dir/build.make CMakeFiles/cmTryCompileExec.dir/build
"/Applications/CMake 2.8-6.app/Contents/bin/cmake" -E cmake_progress_report /Users/SChatterjee/coi-pyon-libraries/code/cgal-4.0/CGAL-4.0/CMakeFiles/CMakeTmp/CMakeFiles 1
Building CXX object CMakeFiles/cmTryCompileExec.dir/CGAL_CFG_NO_STATEMENT_EXPRESSIONS.cpp.o
/usr/bin/g++    -frounding-math -fno-strict-aliasing     -o CMakeFiles/cmTryCompileExec.dir/CGAL_CFG_NO_STATEMENT_EXPRESSIONS.cpp.o -c /Users/SChatterjee/coi-pyon-libraries/code/cgal-4.0/CGAL-4.0/config/testfiles/CGAL_CFG_NO_STATEMENT_EXPRESSIONS.cpp
Linking CXX executable cmTryCompileExec
"/Applications/CMake 2.8-6.app/Contents/bin/cmake" -E cmake_link_script CMakeFiles/cmTryCompileExec.dir/link.txt --verbose=1
/usr/bin/g++     -frounding-math -fno-strict-aliasing   -Wl,-search_paths_first -Wl,-headerpad_max_install_names   CMakeFiles/cmTryCompileExec.dir/CGAL_CFG_NO_STATEMENT_EXPRESSIONS.cpp.o  -o cmTryCompileExec  

Source file was:

Performing C++ SOURCE FILE Test CGAL_CFG_NO_STL succeded with the following output:
Change Dir: /Users/SChatterjee/coi-pyon-libraries/code/cgal-4.0/CGAL-4.0/CMakeFiles/CMakeTmp

Run Build Command:/usr/bin/make "cmTryCompileExec/fast"
/usr/bin/make -f CMakeFiles/cmTryCompileExec.dir/build.make CMakeFiles/cmTryCompileExec.dir/build
"/Applications/CMake 2.8-6.app/Contents/bin/cmake" -E cmake_progress_report /Users/SChatterjee/coi-pyon-libraries/code/cgal-4.0/CGAL-4.0/CMakeFiles/CMakeTmp/CMakeFiles 1
Building CXX object CMakeFiles/cmTryCompileExec.dir/CGAL_CFG_NO_STL.cpp.o
/usr/bin/g++    -frounding-math -fno-strict-aliasing     -o CMakeFiles/cmTryCompileExec.dir/CGAL_CFG_NO_STL.cpp.o -c /Users/SChatterjee/coi-pyon-libraries/code/cgal-4.0/CGAL-4.0/config/testfiles/CGAL_CFG_NO_STL.cpp
Linking CXX executable cmTryCompileExec
"/Applications/CMake 2.8-6.app/Contents/bin/cmake" -E cmake_link_script CMakeFiles/cmTryCompileExec.dir/link.txt --verbose=1
/usr/bin/g++     -frounding-math -fno-strict-aliasing   -Wl,-search_paths_first -Wl,-headerpad_max_install_names   CMakeFiles/cmTryCompileExec.dir/CGAL_CFG_NO_STL.cpp.o  -o cmTryCompileExec  

Source file was:

Performing C++ SOURCE FILE Test CGAL_CFG_NO_TMPL_IN_TMPL_PARAM succeded with the following output:
Change Dir: /Users/SChatterjee/coi-pyon-libraries/code/cgal-4.0/CGAL-4.0/CMakeFiles/CMakeTmp

Run Build Command:/usr/bin/make "cmTryCompileExec/fast"
/usr/bin/make -f CMakeFiles/cmTryCompileExec.dir/build.make CMakeFiles/cmTryCompileExec.dir/build
"/Applications/CMake 2.8-6.app/Contents/bin/cmake" -E cmake_progress_report /Users/SChatterjee/coi-pyon-libraries/code/cgal-4.0/CGAL-4.0/CMakeFiles/CMakeTmp/CMakeFiles 1
Building CXX object CMakeFiles/cmTryCompileExec.dir/CGAL_CFG_NO_TMPL_IN_TMPL_PARAM.cpp.o
/usr/bin/g++    -frounding-math -fno-strict-aliasing     -o CMakeFiles/cmTryCompileExec.dir/CGAL_CFG_NO_TMPL_IN_TMPL_PARAM.cpp.o -c /Users/SChatterjee/coi-pyon-libraries/code/cgal-4.0/CGAL-4.0/config/testfiles/CGAL_CFG_NO_TMPL_IN_TMPL_PARAM.cpp
Linking CXX executable cmTryCompileExec
"/Applications/CMake 2.8-6.app/Contents/bin/cmake" -E cmake_link_script CMakeFiles/cmTryCompileExec.dir/link.txt --verbose=1
/usr/bin/g++     -frounding-math -fno-strict-aliasing   -Wl,-search_paths_first -Wl,-headerpad_max_install_names   CMakeFiles/cmTryCompileExec.dir/CGAL_CFG_NO_TMPL_IN_TMPL_PARAM.cpp.o  -o cmTryCompileExec  

Source file was:

Performing C++ SOURCE FILE Test CGAL_CFG_NO_TR1_ARRAY succeded with the following output:
Change Dir: /Users/SChatterjee/coi-pyon-libraries/code/cgal-4.0/CGAL-4.0/CMakeFiles/CMakeTmp

Run Build Command:/usr/bin/make "cmTryCompileExec/fast"
/usr/bin/make -f CMakeFiles/cmTryCompileExec.dir/build.make CMakeFiles/cmTryCompileExec.dir/build
"/Applications/CMake 2.8-6.app/Contents/bin/cmake" -E cmake_progress_report /Users/SChatterjee/coi-pyon-libraries/code/cgal-4.0/CGAL-4.0/CMakeFiles/CMakeTmp/CMakeFiles 1
Building CXX object CMakeFiles/cmTryCompileExec.dir/CGAL_CFG_NO_TR1_ARRAY.cpp.o
/usr/bin/g++    -frounding-math -fno-strict-aliasing     -o CMakeFiles/cmTryCompileExec.dir/CGAL_CFG_NO_TR1_ARRAY.cpp.o -c /Users/SChatterjee/coi-pyon-libraries/code/cgal-4.0/CGAL-4.0/config/testfiles/CGAL_CFG_NO_TR1_ARRAY.cpp
Linking CXX executable cmTryCompileExec
"/Applications/CMake 2.8-6.app/Contents/bin/cmake" -E cmake_link_script CMakeFiles/cmTryCompileExec.dir/link.txt --verbose=1
/usr/bin/g++     -frounding-math -fno-strict-aliasing   -Wl,-search_paths_first -Wl,-headerpad_max_install_names   CMakeFiles/cmTryCompileExec.dir/CGAL_CFG_NO_TR1_ARRAY.cpp.o  -o cmTryCompileExec  

Source file was:

Performing C++ SOURCE FILE Test CGAL_CFG_NO_TR1_TUPLE succeded with the following output:
Change Dir: /Users/SChatterjee/coi-pyon-libraries/code/cgal-4.0/CGAL-4.0/CMakeFiles/CMakeTmp

Run Build Command:/usr/bin/make "cmTryCompileExec/fast"
/usr/bin/make -f CMakeFiles/cmTryCompileExec.dir/build.make CMakeFiles/cmTryCompileExec.dir/build
"/Applications/CMake 2.8-6.app/Contents/bin/cmake" -E cmake_progress_report /Users/SChatterjee/coi-pyon-libraries/code/cgal-4.0/CGAL-4.0/CMakeFiles/CMakeTmp/CMakeFiles 1
Building CXX object CMakeFiles/cmTryCompileExec.dir/CGAL_CFG_NO_TR1_TUPLE.cpp.o
/usr/bin/g++    -frounding-math -fno-strict-aliasing     -o CMakeFiles/cmTryCompileExec.dir/CGAL_CFG_NO_TR1_TUPLE.cpp.o -c /Users/SChatterjee/coi-pyon-libraries/code/cgal-4.0/CGAL-4.0/config/testfiles/CGAL_CFG_NO_TR1_TUPLE.cpp
Linking CXX executable cmTryCompileExec
"/Applications/CMake 2.8-6.app/Contents/bin/cmake" -E cmake_link_script CMakeFiles/cmTryCompileExec.dir/link.txt --verbose=1
/usr/bin/g++     -frounding-math -fno-strict-aliasing   -Wl,-search_paths_first -Wl,-headerpad_max_install_names   CMakeFiles/cmTryCompileExec.dir/CGAL_CFG_NO_TR1_TUPLE.cpp.o  -o cmTryCompileExec  

Source file was:

Performing C++ SOURCE FILE Test CGAL_CFG_NO_WARNING_CPP_DIRECTIVE_BUG succeded with the following output:
Change Dir: /Users/SChatterjee/coi-pyon-libraries/code/cgal-4.0/CGAL-4.0/CMakeFiles/CMakeTmp

Run Build Command:/usr/bin/make "cmTryCompileExec/fast"
/usr/bin/make -f CMakeFiles/cmTryCompileExec.dir/build.make CMakeFiles/cmTryCompileExec.dir/build
"/Applications/CMake 2.8-6.app/Contents/bin/cmake" -E cmake_progress_report /Users/SChatterjee/coi-pyon-libraries/code/cgal-4.0/CGAL-4.0/CMakeFiles/CMakeTmp/CMakeFiles 1
Building CXX object CMakeFiles/cmTryCompileExec.dir/CGAL_CFG_NO_WARNING_CPP_DIRECTIVE_BUG.cpp.o
/usr/bin/g++    -frounding-math -fno-strict-aliasing     -o CMakeFiles/cmTryCompileExec.dir/CGAL_CFG_NO_WARNING_CPP_DIRECTIVE_BUG.cpp.o -c /Users/SChatterjee/coi-pyon-libraries/code/cgal-4.0/CGAL-4.0/config/testfiles/CGAL_CFG_NO_WARNING_CPP_DIRECTIVE_BUG.cpp
/Users/SChatterjee/coi-pyon-libraries/code/cgal-4.0/CGAL-4.0/config/testfiles/CGAL_CFG_NO_WARNING_CPP_DIRECTIVE_BUG.cpp:25:2: warning: #warning "Hello world"
Linking CXX executable cmTryCompileExec
"/Applications/CMake 2.8-6.app/Contents/bin/cmake" -E cmake_link_script CMakeFiles/cmTryCompileExec.dir/link.txt --verbose=1
/usr/bin/g++     -frounding-math -fno-strict-aliasing   -Wl,-search_paths_first -Wl,-headerpad_max_install_names   CMakeFiles/cmTryCompileExec.dir/CGAL_CFG_NO_WARNING_CPP_DIRECTIVE_BUG.cpp.o  -o cmTryCompileExec  

Source file was:

Performing C++ SOURCE FILE Test CGAL_CFG_NUMERIC_LIMITS_BUG succeded with the following output:
Change Dir: /Users/SChatterjee/coi-pyon-libraries/code/cgal-4.0/CGAL-4.0/CMakeFiles/CMakeTmp

Run Build Command:/usr/bin/make "cmTryCompileExec/fast"
/usr/bin/make -f CMakeFiles/cmTryCompileExec.dir/build.make CMakeFiles/cmTryCompileExec.dir/build
"/Applications/CMake 2.8-6.app/Contents/bin/cmake" -E cmake_progress_report /Users/SChatterjee/coi-pyon-libraries/code/cgal-4.0/CGAL-4.0/CMakeFiles/CMakeTmp/CMakeFiles 1
Building CXX object CMakeFiles/cmTryCompileExec.dir/CGAL_CFG_NUMERIC_LIMITS_BUG.cpp.o
/usr/bin/g++    -frounding-math -fno-strict-aliasing     -o CMakeFiles/cmTryCompileExec.dir/CGAL_CFG_NUMERIC_LIMITS_BUG.cpp.o -c /Users/SChatterjee/coi-pyon-libraries/code/cgal-4.0/CGAL-4.0/config/testfiles/CGAL_CFG_NUMERIC_LIMITS_BUG.cpp
Linking CXX executable cmTryCompileExec
"/Applications/CMake 2.8-6.app/Contents/bin/cmake" -E cmake_link_script CMakeFiles/cmTryCompileExec.dir/link.txt --verbose=1
/usr/bin/g++     -frounding-math -fno-strict-aliasing   -Wl,-search_paths_first -Wl,-headerpad_max_install_names   CMakeFiles/cmTryCompileExec.dir/CGAL_CFG_NUMERIC_LIMITS_BUG.cpp.o  -o cmTryCompileExec  

Source file was:

Performing C++ SOURCE FILE Test CGAL_CFG_OUTOFLINE_MEMBER_DEFINITION_BUG succeded with the following output:
Change Dir: /Users/SChatterjee/coi-pyon-libraries/code/cgal-4.0/CGAL-4.0/CMakeFiles/CMakeTmp

Run Build Command:/usr/bin/make "cmTryCompileExec/fast"
/usr/bin/make -f CMakeFiles/cmTryCompileExec.dir/build.make CMakeFiles/cmTryCompileExec.dir/build
"/Applications/CMake 2.8-6.app/Contents/bin/cmake" -E cmake_progress_report /Users/SChatterjee/coi-pyon-libraries/code/cgal-4.0/CGAL-4.0/CMakeFiles/CMakeTmp/CMakeFiles 1
Building CXX object CMakeFiles/cmTryCompileExec.dir/CGAL_CFG_OUTOFLINE_MEMBER_DEFINITION_BUG.cpp.o
/usr/bin/g++    -frounding-math -fno-strict-aliasing     -o CMakeFiles/cmTryCompileExec.dir/CGAL_CFG_OUTOFLINE_MEMBER_DEFINITION_BUG.cpp.o -c /Users/SChatterjee/coi-pyon-libraries/code/cgal-4.0/CGAL-4.0/config/testfiles/CGAL_CFG_OUTOFLINE_MEMBER_DEFINITION_BUG.cpp
Linking CXX executable cmTryCompileExec
"/Applications/CMake 2.8-6.app/Contents/bin/cmake" -E cmake_link_script CMakeFiles/cmTryCompileExec.dir/link.txt --verbose=1
/usr/bin/g++     -frounding-math -fno-strict-aliasing   -Wl,-search_paths_first -Wl,-headerpad_max_install_names   CMakeFiles/cmTryCompileExec.dir/CGAL_CFG_OUTOFLINE_MEMBER_DEFINITION_BUG.cpp.o  -o cmTryCompileExec  

Source file was:

Performing C++ SOURCE FILE Test CGAL_CFG_TEMPLATE_IN_DEFAULT_PARAMETER_BUG succeded with the following output:
Change Dir: /Users/SChatterjee/coi-pyon-libraries/code/cgal-4.0/CGAL-4.0/CMakeFiles/CMakeTmp

Run Build Command:/usr/bin/make "cmTryCompileExec/fast"
/usr/bin/make -f CMakeFiles/cmTryCompileExec.dir/build.make CMakeFiles/cmTryCompileExec.dir/build
"/Applications/CMake 2.8-6.app/Contents/bin/cmake" -E cmake_progress_report /Users/SChatterjee/coi-pyon-libraries/code/cgal-4.0/CGAL-4.0/CMakeFiles/CMakeTmp/CMakeFiles 1
Building CXX object CMakeFiles/cmTryCompileExec.dir/CGAL_CFG_TEMPLATE_IN_DEFAULT_PARAMETER_BUG.cpp.o
/usr/bin/g++    -frounding-math -fno-strict-aliasing     -o CMakeFiles/cmTryCompileExec.dir/CGAL_CFG_TEMPLATE_IN_DEFAULT_PARAMETER_BUG.cpp.o -c /Users/SChatterjee/coi-pyon-libraries/code/cgal-4.0/CGAL-4.0/config/testfiles/CGAL_CFG_TEMPLATE_IN_DEFAULT_PARAMETER_BUG.cpp
Linking CXX executable cmTryCompileExec
"/Applications/CMake 2.8-6.app/Contents/bin/cmake" -E cmake_link_script CMakeFiles/cmTryCompileExec.dir/link.txt --verbose=1
/usr/bin/g++     -frounding-math -fno-strict-aliasing   -Wl,-search_paths_first -Wl,-headerpad_max_install_names   CMakeFiles/cmTryCompileExec.dir/CGAL_CFG_TEMPLATE_IN_DEFAULT_PARAMETER_BUG.cpp.o  -o cmTryCompileExec  

Source file was:

Performing C++ SOURCE FILE Test CGAL_CFG_TYPENAME_BEFORE_DEFAULT_ARGUMENT_BUG succeded with the following output:
Change Dir: /Users/SChatterjee/coi-pyon-libraries/code/cgal-4.0/CGAL-4.0/CMakeFiles/CMakeTmp

Run Build Command:/usr/bin/make "cmTryCompileExec/fast"
/usr/bin/make -f CMakeFiles/cmTryCompileExec.dir/build.make CMakeFiles/cmTryCompileExec.dir/build
"/Applications/CMake 2.8-6.app/Contents/bin/cmake" -E cmake_progress_report /Users/SChatterjee/coi-pyon-libraries/code/cgal-4.0/CGAL-4.0/CMakeFiles/CMakeTmp/CMakeFiles 1
Building CXX object CMakeFiles/cmTryCompileExec.dir/CGAL_CFG_TYPENAME_BEFORE_DEFAULT_ARGUMENT_BUG.cpp.o
/usr/bin/g++    -frounding-math -fno-strict-aliasing     -o CMakeFiles/cmTryCompileExec.dir/CGAL_CFG_TYPENAME_BEFORE_DEFAULT_ARGUMENT_BUG.cpp.o -c /Users/SChatterjee/coi-pyon-libraries/code/cgal-4.0/CGAL-4.0/config/testfiles/CGAL_CFG_TYPENAME_BEFORE_DEFAULT_ARGUMENT_BUG.cpp
Linking CXX executable cmTryCompileExec
"/Applications/CMake 2.8-6.app/Contents/bin/cmake" -E cmake_link_script CMakeFiles/cmTryCompileExec.dir/link.txt --verbose=1
/usr/bin/g++     -frounding-math -fno-strict-aliasing   -Wl,-search_paths_first -Wl,-headerpad_max_install_names   CMakeFiles/cmTryCompileExec.dir/CGAL_CFG_TYPENAME_BEFORE_DEFAULT_ARGUMENT_BUG.cpp.o  -o cmTryCompileExec  

Source file was:

Performing C++ SOURCE FILE Test CGAL_CFG_USING_BASE_MEMBER_BUG_2 succeded with the following output:
Change Dir: /Users/SChatterjee/coi-pyon-libraries/code/cgal-4.0/CGAL-4.0/CMakeFiles/CMakeTmp

Run Build Command:/usr/bin/make "cmTryCompileExec/fast"
/usr/bin/make -f CMakeFiles/cmTryCompileExec.dir/build.make CMakeFiles/cmTryCompileExec.dir/build
"/Applications/CMake 2.8-6.app/Contents/bin/cmake" -E cmake_progress_report /Users/SChatterjee/coi-pyon-libraries/code/cgal-4.0/CGAL-4.0/CMakeFiles/CMakeTmp/CMakeFiles 1
Building CXX object CMakeFiles/cmTryCompileExec.dir/CGAL_CFG_USING_BASE_MEMBER_BUG_2.cpp.o
/usr/bin/g++    -frounding-math -fno-strict-aliasing     -o CMakeFiles/cmTryCompileExec.dir/CGAL_CFG_USING_BASE_MEMBER_BUG_2.cpp.o -c /Users/SChatterjee/coi-pyon-libraries/code/cgal-4.0/CGAL-4.0/config/testfiles/CGAL_CFG_USING_BASE_MEMBER_BUG_2.cpp
Linking CXX executable cmTryCompileExec
"/Applications/CMake 2.8-6.app/Contents/bin/cmake" -E cmake_link_script CMakeFiles/cmTryCompileExec.dir/link.txt --verbose=1
/usr/bin/g++     -frounding-math -fno-strict-aliasing   -Wl,-search_paths_first -Wl,-headerpad_max_install_names   CMakeFiles/cmTryCompileExec.dir/CGAL_CFG_USING_BASE_MEMBER_BUG_2.cpp.o  -o cmTryCompileExec  

Source file was:

Compiling the C compiler identification source file "CMakeCCompilerId.c" succeeded.
Compiler: /usr/bin/gcc 
Build flags: 
Id flags: 

The output was:
0


Compilation of the C compiler identification source "CMakeCCompilerId.c" produced "a.out"

The C compiler identification is GNU, found in "/Users/SChatterjee/coi-pyon-libraries/code/cgal-4.0/CGAL-4.0/CMakeFiles/CompilerIdC/a.out"

Determining if the C compiler works passed with the following output:
Change Dir: /Users/SChatterjee/coi-pyon-libraries/code/cgal-4.0/CGAL-4.0/CMakeFiles/CMakeTmp

Run Build Command:/usr/bin/make "cmTryCompileExec/fast"
/usr/bin/make -f CMakeFiles/cmTryCompileExec.dir/build.make CMakeFiles/cmTryCompileExec.dir/build
"/Applications/CMake 2.8-6.app/Contents/bin/cmake" -E cmake_progress_report /Users/SChatterjee/coi-pyon-libraries/code/cgal-4.0/CGAL-4.0/CMakeFiles/CMakeTmp/CMakeFiles 1
Building C object CMakeFiles/cmTryCompileExec.dir/testCCompiler.c.o
/usr/bin/gcc    -o CMakeFiles/cmTryCompileExec.dir/testCCompiler.c.o   -c /Users/SChatterjee/coi-pyon-libraries/code/cgal-4.0/CGAL-4.0/CMakeFiles/CMakeTmp/testCCompiler.c
Linking C executable cmTryCompileExec
"/Applications/CMake 2.8-6.app/Contents/bin/cmake" -E cmake_link_script CMakeFiles/cmTryCompileExec.dir/link.txt --verbose=1
/usr/bin/gcc      -Wl,-search_paths_first -Wl,-headerpad_max_install_names   CMakeFiles/cmTryCompileExec.dir/testCCompiler.c.o  -o cmTryCompileExec  


Detecting C compiler ABI info compiled with the following output:
Change Dir: /Users/SChatterjee/coi-pyon-libraries/code/cgal-4.0/CGAL-4.0/CMakeFiles/CMakeTmp

Run Build Command:/usr/bin/make "cmTryCompileExec/fast"
/usr/bin/make -f CMakeFiles/cmTryCompileExec.dir/build.make CMakeFiles/cmTryCompileExec.dir/build
"/Applications/CMake 2.8-6.app/Contents/bin/cmake" -E cmake_progress_report /Users/SChatterjee/coi-pyon-libraries/code/cgal-4.0/CGAL-4.0/CMakeFiles/CMakeTmp/CMakeFiles 1
Building C object CMakeFiles/cmTryCompileExec.dir/CMakeCCompilerABI.c.o
/usr/bin/gcc    -o CMakeFiles/cmTryCompileExec.dir/CMakeCCompilerABI.c.o   -c "/Applications/CMake 2.8-6.app/Contents/share/cmake-2.8/Modules/CMakeCCompilerABI.c"
Linking C executable cmTryCompileExec
"/Applications/CMake 2.8-6.app/Contents/bin/cmake" -E cmake_link_script CMakeFiles/cmTryCompileExec.dir/link.txt --verbose=1
/usr/bin/gcc      -Wl,-search_paths_first -Wl,-headerpad_max_install_names -v CMakeFiles/cmTryCompileExec.dir/CMakeCCompilerABI.c.o  -o cmTryCompileExec   
Using built-in specs.
Target: i686-apple-darwin10
Configured with: /var/tmp/gcc/gcc-5666.3~6/src/configure --disable-checking --enable-werror --prefix=/usr --mandir=/share/man --enable-languages=c,objc,c++,obj-c++ --program-transform-name=/^[cg][^.-]*$/s/$/-4.2/ --with-slibdir=/usr/lib --build=i686-apple-darwin10 --program-prefix=i686-apple-darwin10- --host=x86_64-apple-darwin10 --target=i686-apple-darwin10 --with-gxx-include-dir=/include/c++/4.2.1
Thread model: posix
gcc version 4.2.1 (Apple Inc. build 5666) (dot 3)
 /usr/libexec/gcc/i686-apple-darwin10/4.2.1/collect2 -dynamic -arch x86_64 -macosx_version_min 10.6.8 -weak_reference_mismatches non-weak -o cmTryCompileExec -lcrt1.10.6.o -L/usr/lib/gcc/i686-apple-darwin10/4.2.1/x86_64 -L/usr/lib/gcc/i686-apple-darwin10/4.2.1/x86_64 -L/usr/lib/i686-apple-darwin10/4.2.1 -L/usr/lib/gcc/i686-apple-darwin10/4.2.1 -L/usr/lib/gcc/i686-apple-darwin10/4.2.1 -L/usr/lib/gcc/i686-apple-darwin10/4.2.1/../../../i686-apple-darwin10/4.2.1 -L/usr/lib/gcc/i686-apple-darwin10/4.2.1/../../.. -search_paths_first -headerpad_max_install_names CMakeFiles/cmTryCompileExec.dir/CMakeCCompilerABI.c.o -lSystem -lgcc -lSystem


Parsed C implicit link information from above output:
  link line regex: [^( *|.*[/\])(ld|ld|collect2)[^/\]*( |$)]
  ignore line: [Change Dir: /Users/SChatterjee/coi-pyon-libraries/code/cgal-4.0/CGAL-4.0/CMakeFiles/CMakeTmp]
  ignore line: []
  ignore line: [Run Build Command:/usr/bin/make "cmTryCompileExec/fast"]
  ignore line: [/usr/bin/make -f CMakeFiles/cmTryCompileExec.dir/build.make CMakeFiles/cmTryCompileExec.dir/build]
  ignore line: ["/Applications/CMake 2.8-6.app/Contents/bin/cmake" -E cmake_progress_report /Users/SChatterjee/coi-pyon-libraries/code/cgal-4.0/CGAL-4.0/CMakeFiles/CMakeTmp/CMakeFiles 1]
  ignore line: [Building C object CMakeFiles/cmTryCompileExec.dir/CMakeCCompilerABI.c.o]
  ignore line: [/usr/bin/gcc    -o CMakeFiles/cmTryCompileExec.dir/CMakeCCompilerABI.c.o   -c "/Applications/CMake 2.8-6.app/Contents/share/cmake-2.8/Modules/CMakeCCompilerABI.c"]
  ignore line: [Linking C executable cmTryCompileExec]
  ignore line: ["/Applications/CMake 2.8-6.app/Contents/bin/cmake" -E cmake_link_script CMakeFiles/cmTryCompileExec.dir/link.txt --verbose=1]
  ignore line: [/usr/bin/gcc      -Wl,-search_paths_first -Wl,-headerpad_max_install_names -v CMakeFiles/cmTryCompileExec.dir/CMakeCCompilerABI.c.o  -o cmTryCompileExec   ]
  ignore line: [Using built-in specs.]
  ignore line: [Target: i686-apple-darwin10]
  ignore line: [Configured with: /var/tmp/gcc/gcc-5666.3~6/src/configure --disable-checking --enable-werror --prefix=/usr --mandir=/share/man --enable-languages=c,objc,c++,obj-c++ --program-transform-name=/^[cg][^.-]*$/s/$/-4.2/ --with-slibdir=/usr/lib --build=i686-apple-darwin10 --program-prefix=i686-apple-darwin10- --host=x86_64-apple-darwin10 --target=i686-apple-darwin10 --with-gxx-include-dir=/include/c++/4.2.1]
  ignore line: [Thread model: posix]
  ignore line: [gcc version 4.2.1 (Apple Inc. build 5666) (dot 3)]
  link line: [ /usr/libexec/gcc/i686-apple-darwin10/4.2.1/collect2 -dynamic -arch x86_64 -macosx_version_min 10.6.8 -weak_reference_mismatches non-weak -o cmTryCompileExec -lcrt1.10.6.o -L/usr/lib/gcc/i686-apple-darwin10/4.2.1/x86_64 -L/usr/lib/gcc/i686-apple-darwin10/4.2.1/x86_64 -L/usr/lib/i686-apple-darwin10/4.2.1 -L/usr/lib/gcc/i686-apple-darwin10/4.2.1 -L/usr/lib/gcc/i686-apple-darwin10/4.2.1 -L/usr/lib/gcc/i686-apple-darwin10/4.2.1/../../../i686-apple-darwin10/4.2.1 -L/usr/lib/gcc/i686-apple-darwin10/4.2.1/../../.. -search_paths_first -headerpad_max_install_names CMakeFiles/cmTryCompileExec.dir/CMakeCCompilerABI.c.o -lSystem -lgcc -lSystem]
    arg [/usr/libexec/gcc/i686-apple-darwin10/4.2.1/collect2] ==> ignore
    arg [-dynamic] ==> ignore
    arg [-arch] ==> ignore
    arg [x86_64] ==> ignore
    arg [-macosx_version_min] ==> ignore
    arg [10.6.8] ==> ignore
    arg [-weak_reference_mismatches] ==> ignore
    arg [non-weak] ==> ignore
    arg [-o] ==> ignore
    arg [cmTryCompileExec] ==> ignore
    arg [-lcrt1.10.6.o] ==> lib [crt1.10.6.o]
    arg [-L/usr/lib/gcc/i686-apple-darwin10/4.2.1/x86_64] ==> dir [/usr/lib/gcc/i686-apple-darwin10/4.2.1/x86_64]
    arg [-L/usr/lib/gcc/i686-apple-darwin10/4.2.1/x86_64] ==> dir [/usr/lib/gcc/i686-apple-darwin10/4.2.1/x86_64]
    arg [-L/usr/lib/i686-apple-darwin10/4.2.1] ==> dir [/usr/lib/i686-apple-darwin10/4.2.1]
    arg [-L/usr/lib/gcc/i686-apple-darwin10/4.2.1] ==> dir [/usr/lib/gcc/i686-apple-darwin10/4.2.1]
    arg [-L/usr/lib/gcc/i686-apple-darwin10/4.2.1] ==> dir [/usr/lib/gcc/i686-apple-darwin10/4.2.1]
    arg [-L/usr/lib/gcc/i686-apple-darwin10/4.2.1/../../../i686-apple-darwin10/4.2.1] ==> dir [/usr/lib/gcc/i686-apple-darwin10/4.2.1/../../../i686-apple-darwin10/4.2.1]
    arg [-L/usr/lib/gcc/i686-apple-darwin10/4.2.1/../../..] ==> dir [/usr/lib/gcc/i686-apple-darwin10/4.2.1/../../..]
    arg [-search_paths_first] ==> ignore
    arg [-headerpad_max_install_names] ==> ignore
    arg [CMakeFiles/cmTryCompileExec.dir/CMakeCCompilerABI.c.o] ==> ignore
    arg [-lSystem] ==> lib [System]
    arg [-lgcc] ==> lib [gcc]
    arg [-lSystem] ==> lib [System]
  remove lib [crt1.10.6.o]
  remove lib [System]
  remove lib [gcc]
  remove lib [System]
  collapse dir [/usr/lib/gcc/i686-apple-darwin10/4.2.1/x86_64] ==> [/usr/lib/gcc/i686-apple-darwin10/4.2.1/x86_64]
  collapse dir [/usr/lib/gcc/i686-apple-darwin10/4.2.1/x86_64] ==> [/usr/lib/gcc/i686-apple-darwin10/4.2.1/x86_64]
  collapse dir [/usr/lib/i686-apple-darwin10/4.2.1] ==> [/usr/lib/i686-apple-darwin10/4.2.1]
  collapse dir [/usr/lib/gcc/i686-apple-darwin10/4.2.1] ==> [/usr/lib/gcc/i686-apple-darwin10/4.2.1]
  collapse dir [/usr/lib/gcc/i686-apple-darwin10/4.2.1] ==> [/usr/lib/gcc/i686-apple-darwin10/4.2.1]
  collapse dir [/usr/lib/gcc/i686-apple-darwin10/4.2.1/../../../i686-apple-darwin10/4.2.1] ==> [/usr/lib/i686-apple-darwin10/4.2.1]
  collapse dir [/usr/lib/gcc/i686-apple-darwin10/4.2.1/../../..] ==> [/usr/lib]
  implicit libs: []
  implicit dirs: [/usr/lib/gcc/i686-apple-darwin10/4.2.1/x86_64;/usr/lib/i686-apple-darwin10/4.2.1;/usr/lib/gcc/i686-apple-darwin10/4.2.1;/usr/lib]


Determining if the Q_WS_MAC exist passed with the following output:
Change Dir: /Users/SChatterjee/coi-pyon-libraries/code/cgal-4.0/CGAL-4.0/CMakeFiles/CMakeTmp

Run Build Command:/usr/bin/make "cmTryCompileExec/fast"
/usr/bin/make -f CMakeFiles/cmTryCompileExec.dir/build.make CMakeFiles/cmTryCompileExec.dir/build
"/Applications/CMake 2.8-6.app/Contents/bin/cmake" -E cmake_progress_report /Users/SChatterjee/coi-pyon-libraries/code/cgal-4.0/CGAL-4.0/CMakeFiles/CMakeTmp/CMakeFiles 1
Building CXX object CMakeFiles/cmTryCompileExec.dir/CheckSymbolExists.cxx.o
/usr/bin/g++    -frounding-math -fno-strict-aliasing   -I/usr/local/Cellar/qt/4.7.4/include -F/usr/local/Cellar/qt/4.7.4/lib    -o CMakeFiles/cmTryCompileExec.dir/CheckSymbolExists.cxx.o -c /Users/SChatterjee/coi-pyon-libraries/code/cgal-4.0/CGAL-4.0/CMakeFiles/CMakeTmp/CheckSymbolExists.cxx
Linking CXX executable cmTryCompileExec
"/Applications/CMake 2.8-6.app/Contents/bin/cmake" -E cmake_link_script CMakeFiles/cmTryCompileExec.dir/link.txt --verbose=1
/usr/bin/g++     -frounding-math -fno-strict-aliasing   -Wl,-search_paths_first -Wl,-headerpad_max_install_names   CMakeFiles/cmTryCompileExec.dir/CheckSymbolExists.cxx.o  -o cmTryCompileExec  

File /Users/SChatterjee/coi-pyon-libraries/code/cgal-4.0/CGAL-4.0/CMakeFiles/CMakeTmp/CheckSymbolExists.cxx:
/* */
#include <QtCore/qglobal.h>

void cmakeRequireSymbol(int dummy,...){(void)dummy;}
int main()
{
#ifndef Q_WS_MAC
  cmakeRequireSymbol(0,&Q_WS_MAC);
#endif
  return 0;
}

Determining if the QT_MAC_USE_COCOA exist passed with the following output:
Change Dir: /Users/SChatterjee/coi-pyon-libraries/code/cgal-4.0/CGAL-4.0/CMakeFiles/CMakeTmp

Run Build Command:/usr/bin/make "cmTryCompileExec/fast"
/usr/bin/make -f CMakeFiles/cmTryCompileExec.dir/build.make CMakeFiles/cmTryCompileExec.dir/build
"/Applications/CMake 2.8-6.app/Contents/bin/cmake" -E cmake_progress_report /Users/SChatterjee/coi-pyon-libraries/code/cgal-4.0/CGAL-4.0/CMakeFiles/CMakeTmp/CMakeFiles 1
Building CXX object CMakeFiles/cmTryCompileExec.dir/CheckSymbolExists.cxx.o
/usr/bin/g++    -frounding-math -fno-strict-aliasing   -I/usr/local/Cellar/qt/4.7.4/include -F/usr/local/Cellar/qt/4.7.4/lib    -o CMakeFiles/cmTryCompileExec.dir/CheckSymbolExists.cxx.o -c /Users/SChatterjee/coi-pyon-libraries/code/cgal-4.0/CGAL-4.0/CMakeFiles/CMakeTmp/CheckSymbolExists.cxx
Linking CXX executable cmTryCompileExec
"/Applications/CMake 2.8-6.app/Contents/bin/cmake" -E cmake_link_script CMakeFiles/cmTryCompileExec.dir/link.txt --verbose=1
/usr/bin/g++     -frounding-math -fno-strict-aliasing   -Wl,-search_paths_first -Wl,-headerpad_max_install_names   CMakeFiles/cmTryCompileExec.dir/CheckSymbolExists.cxx.o  -o cmTryCompileExec  

File /Users/SChatterjee/coi-pyon-libraries/code/cgal-4.0/CGAL-4.0/CMakeFiles/CMakeTmp/CheckSymbolExists.cxx:
/* */
#include <QtCore/qconfig.h>

void cmakeRequireSymbol(int dummy,...){(void)dummy;}
int main()
{
#ifndef QT_MAC_USE_COCOA
  cmakeRequireSymbol(0,&QT_MAC_USE_COCOA);
#endif
  return 0;
}

